<?xml version="1.0" encoding="utf-8"?><testsuite errors="0" failures="0" name="pytest" skipped="0" tests="11" time="41.594"><testcase classname="tests.test_default" file="tests/test_default.py" line="9" name="test_hosts_group[ansible://instance-cms-10000]" time="2.691"></testcase><testcase classname="tests.test_default" file="tests/test_default.py" line="9" name="test_hosts_group[ansible://instance-cmsprd-11000]" time="2.028"></testcase><testcase classname="tests.test_default" file="tests/test_default.py" line="9" name="test_hosts_group[ansible://instance-cmspil-12000]" time="2.094"></testcase><testcase classname="tests.test_default" file="tests/test_default.py" line="9" name="test_hosts_group[ansible://instance-cmssgm-13000]" time="2.156"></testcase><testcase classname="tests.test_default" file="tests/test_default.py" line="22" name="test_hosts_user[ansible://instance-cms001-10000-cms-groups0]" time="7.289"></testcase><testcase classname="tests.test_default" file="tests/test_default.py" line="22" name="test_hosts_user[ansible://instance-cms005-10008-cms-groups1]" time="4.316"></testcase><testcase classname="tests.test_default" file="tests/test_default.py" line="22" name="test_hosts_user[ansible://instance-cmsprd01-11000-cmsprd-groups2]" time="4.106"></testcase><testcase classname="tests.test_default" file="tests/test_default.py" line="22" name="test_hosts_user[ansible://instance-cmsprd02-11002-cmsprd-groups3]" time="4.065"></testcase><testcase classname="tests.test_default" file="tests/test_default.py" line="22" name="test_hosts_user[ansible://instance-cmspil01-12000-cmspil-groups4]" time="4.064"></testcase><testcase classname="tests.test_default" file="tests/test_default.py" line="22" name="test_hosts_user[ansible://instance-cmspil02-12002-cmspil-groups5]" time="4.095"></testcase><testcase classname="tests.test_default" file="tests/test_default.py" line="22" name="test_hosts_user[ansible://instance-cmssgm-13000-cmssgm-groups6]" time="4.142"></testcase></testsuite>